<?xml version="1.0" encoding="UTF-8"?>
<coverage generated="1683434425937" clover="3.2.0">
  <project timestamp="1683434425937" name="All files">
    <metrics statements="23" coveredstatements="19" conditionals="10" coveredconditionals="6" methods="10" coveredmethods="8" elements="43" coveredelements="33" complexity="0" loc="23" ncloc="23" packages="1" files="1" classes="1"/>
    <file name="ContaBancaria.ts" path="D:\Projetos Typescript\OrientacaoObjetoTypescript\src\models\ContaBancaria.ts">
      <metrics statements="23" coveredstatements="19" conditionals="10" coveredconditionals="6" methods="10" coveredmethods="8"/>
      <line num="1" count="1" type="stmt"/>
      <line num="7" count="3" type="stmt"/>
      <line num="8" count="3" type="cond" truecount="2" falsecount="0"/>
      <line num="9" count="3" type="cond" truecount="2" falsecount="0"/>
      <line num="13" count="2" type="stmt"/>
      <line num="17" count="2" type="stmt"/>
      <line num="21" count="3" type="stmt"/>
      <line num="25" count="3" type="stmt"/>
      <line num="29" count="1" type="stmt"/>
      <line num="33" count="0" type="cond" truecount="0" falsecount="1"/>
      <line num="34" count="0" type="stmt"/>
      <line num="39" count="0" type="cond" truecount="0" falsecount="3"/>
      <line num="40" count="0" type="stmt"/>
      <line num="45" count="6" type="stmt"/>
      <line num="46" count="6" type="cond" truecount="1" falsecount="0"/>
      <line num="47" count="5" type="stmt"/>
      <line num="48" count="5" type="stmt"/>
      <line num="50" count="1" type="stmt"/>
      <line num="54" count="6" type="stmt"/>
      <line num="55" count="6" type="cond" truecount="1" falsecount="0"/>
      <line num="56" count="5" type="stmt"/>
      <line num="57" count="5" type="stmt"/>
      <line num="59" count="1" type="stmt"/>
    </file>
  </project>
</coverage>
