TN:
SF:src\model\entity\ContaBancaria.ts
FN:6,(anonymous_0)
FN:12,(anonymous_1)
FN:16,(anonymous_2)
FN:20,(anonymous_3)
FN:24,(anonymous_4)
FN:28,(anonymous_5)
FN:32,(anonymous_6)
FN:38,(anonymous_7)
FN:44,(anonymous_8)
FN:53,(anonymous_9)
FNF:10
FNH:10
FNDA:5,(anonymous_0)
FNDA:2,(anonymous_1)
FNDA:2,(anonymous_2)
FNDA:5,(anonymous_3)
FNDA:5,(anonymous_4)
FNDA:3,(anonymous_5)
FNDA:2,(anonymous_6)
FNDA:1,(anonymous_7)
FNDA:10,(anonymous_8)
FNDA:10,(anonymous_9)
DA:1,1
DA:3,5
DA:4,5
DA:7,5
DA:8,5
DA:9,5
DA:13,2
DA:17,2
DA:21,5
DA:25,5
DA:29,3
DA:33,2
DA:34,2
DA:39,1
DA:40,1
DA:45,10
DA:46,10
DA:47,9
DA:48,9
DA:50,1
DA:54,10
DA:55,10
DA:56,9
DA:57,9
DA:59,1
LF:25
LH:25
BRDA:8,0,0,4
BRDA:8,0,1,1
BRDA:9,1,0,4
BRDA:9,1,1,1
BRDA:33,2,0,2
BRDA:39,3,0,1
BRDA:39,4,0,1
BRDA:39,4,1,1
BRDA:46,5,0,9
BRDA:55,6,0,9
BRF:10
BRH:10
end_of_record
TN:
SF:src\model\entity\Contato.ts
FN:10,(anonymous_0)
FN:17,(anonymous_1)
FN:21,(anonymous_2)
FN:29,(anonymous_3)
FN:33,(anonymous_4)
FN:43,(anonymous_5)
FN:47,(anonymous_6)
FN:55,(anonymous_7)
FN:59,(anonymous_8)
FNF:9
FNH:9
FNDA:1,(anonymous_0)
FNDA:1,(anonymous_1)
FNDA:1,(anonymous_2)
FNDA:1,(anonymous_3)
FNDA:1,(anonymous_4)
FNDA:1,(anonymous_5)
FNDA:1,(anonymous_6)
FNDA:1,(anonymous_7)
FNDA:1,(anonymous_8)
DA:1,1
DA:3,1
DA:11,1
DA:12,1
DA:13,1
DA:14,1
DA:18,1
DA:22,1
DA:23,1
DA:25,0
DA:30,1
DA:34,1
DA:35,1
DA:36,1
DA:37,1
DA:39,0
DA:44,1
DA:48,1
DA:49,1
DA:51,0
DA:56,1
DA:60,1
DA:61,1
DA:63,0
LF:24
LH:20
BRDA:22,0,0,1
BRDA:22,0,1,0
BRDA:22,1,0,1
BRDA:22,1,1,1
BRDA:36,2,0,1
BRDA:36,2,1,0
BRDA:36,3,0,1
BRDA:36,3,1,1
BRDA:48,4,0,1
BRDA:48,4,1,0
BRDA:48,5,0,1
BRDA:48,5,1,1
BRDA:60,6,0,1
BRDA:60,6,1,0
BRDA:60,7,0,1
BRDA:60,7,1,1
BRF:16
BRH:12
end_of_record
