TN:
SF:src\models\ContaBancaria.ts
FN:6,(anonymous_0)
FN:12,(anonymous_1)
FN:16,(anonymous_2)
FN:20,(anonymous_3)
FN:24,(anonymous_4)
FN:28,(anonymous_5)
FN:32,(anonymous_6)
FN:38,(anonymous_7)
FN:44,(anonymous_8)
FN:53,(anonymous_9)
FNF:10
FNH:8
FNDA:3,(anonymous_0)
FNDA:2,(anonymous_1)
FNDA:2,(anonymous_2)
FNDA:3,(anonymous_3)
FNDA:3,(anonymous_4)
FNDA:1,(anonymous_5)
FNDA:0,(anonymous_6)
FNDA:0,(anonymous_7)
FNDA:6,(anonymous_8)
FNDA:6,(anonymous_9)
DA:1,1
DA:7,3
DA:8,3
DA:9,3
DA:13,2
DA:17,2
DA:21,3
DA:25,3
DA:29,1
DA:33,0
DA:34,0
DA:39,0
DA:40,0
DA:45,6
DA:46,6
DA:47,5
DA:48,5
DA:50,1
DA:54,6
DA:55,6
DA:56,5
DA:57,5
DA:59,1
LF:23
LH:19
BRDA:8,0,0,2
BRDA:8,0,1,1
BRDA:9,1,0,2
BRDA:9,1,1,1
BRDA:33,2,0,0
BRDA:39,3,0,0
BRDA:39,4,0,0
BRDA:39,4,1,0
BRDA:46,5,0,5
BRDA:55,6,0,5
BRF:10
BRH:6
end_of_record
